<?xml version="1.0" encoding="UTF-8"?>
<!-- Generated by org.testng.reporters.JUnitReportReporter -->
<testsuite hostname="Yogeshwars-MacBook-Pro.local" failures="0" tests="1" name="yogeshwarkulkarniaca.SeleniumFrameworkDesign.tests.ErrorValidations" time="1.055" errors="0" timestamp="2023-06-11T10:11:10 PDT" skipped="0">
  <testcase classname="yogeshwarkulkarniaca.SeleniumFrameworkDesign.tests.ErrorValidations" name="submitOrder" time="1.055"/>
  <system-out/>
</testsuite> <!-- yogeshwarkulkarniaca.SeleniumFrameworkDesign.tests.ErrorValidations -->
